<?xml version="1.0" encoding="UTF-8"?>
<robot generator="Robot 5.0.1 (Python 3.10.6 on win32)" generated="20220824 16:50:53.336" rpa="false" schemaversion="3">
<suite id="s1" name="Amazon Testes" source="E:\Cursos Udemy\RobotFrameworkBasico\WebTesting\amazon_testes.robot">
<test id="s1-t1" name="Caso de Teste 01 - Acesso ao menu &quot;Eletrônicos&quot;" line="8">
<kw name="Abrir o navegador" library="amazon_resources" type="SETUP">
<kw name="Open Browser" library="SeleniumLibrary">
<arg>browser=chrome</arg>
<doc>Opens a new browser instance to the optional ``url``.</doc>
<msg timestamp="20220824 16:50:53.585" level="INFO">Opening browser 'chrome' to base url 'None'.</msg>
<status status="PASS" starttime="20220824 16:50:53.585" endtime="20220824 16:50:54.787"/>
</kw>
<kw name="Maximize Browser Window" library="SeleniumLibrary">
<doc>Maximizes current browser window.</doc>
<status status="PASS" starttime="20220824 16:50:54.787" endtime="20220824 16:50:54.911"/>
</kw>
<status status="PASS" starttime="20220824 16:50:53.584" endtime="20220824 16:50:54.911"/>
</kw>
<kw name="Acessar a home page do site Amazon.com.br" library="amazon_resources">
<kw name="Go To" library="SeleniumLibrary">
<arg>url=${URL}</arg>
<doc>Navigates the current browser window to the provided ``url``.</doc>
<msg timestamp="20220824 16:50:54.913" level="INFO">Opening url 'http://www.amazon.com.br'</msg>
<status status="PASS" starttime="20220824 16:50:54.913" endtime="20220824 16:50:56.525"/>
</kw>
<kw name="Wait Until Element Is Visible" library="SeleniumLibrary">
<arg>locator=${MENU_ELETRONICOS}</arg>
<doc>Waits until the element ``locator`` is visible.</doc>
<status status="PASS" starttime="20220824 16:50:56.525" endtime="20220824 16:50:56.567"/>
</kw>
<status status="PASS" starttime="20220824 16:50:54.912" endtime="20220824 16:50:56.568"/>
</kw>
<kw name=" Entrar no menu &quot;Eletrônicos&quot;" library="amazon_resources">
<kw name="Click Element" library="SeleniumLibrary">
<arg>locator=${MENU_ELETRONICOS}</arg>
<doc>Click the element identified by ``locator``.</doc>
<msg timestamp="20220824 16:50:56.569" level="INFO">Clicking element '//a[@href='/Eletronicos-e-Tecnologia/b/?ie=UTF8&amp;node=16209062011&amp;ref_=nav_cs_electronics'][contains(.,'Eletrônicos')]'.</msg>
<status status="PASS" starttime="20220824 16:50:56.568" endtime="20220824 16:50:58.834"/>
</kw>
<status status="PASS" starttime="20220824 16:50:56.568" endtime="20220824 16:50:58.835"/>
</kw>
<kw name="Verificar se aparece a frase &quot;Eletrônicos e Tecnologia&quot;" library="amazon_resources">
<kw name="Wait Until Page Contains" library="SeleniumLibrary">
<arg>text=${TEXTO_HEADER_ELETRONICOS}</arg>
<doc>Waits until ``text`` appears on the current page.</doc>
<status status="PASS" starttime="20220824 16:50:58.835" endtime="20220824 16:50:58.919"/>
</kw>
<kw name="Wait Until Element Is Visible" library="SeleniumLibrary">
<arg>locator=${HEADER_ELETRONICOS}</arg>
<doc>Waits until the element ``locator`` is visible.</doc>
<status status="PASS" starttime="20220824 16:50:58.919" endtime="20220824 16:50:59.010"/>
</kw>
<status status="PASS" starttime="20220824 16:50:58.835" endtime="20220824 16:50:59.010"/>
</kw>
<doc>Esse teste verifica o menu Eletrônicos do site da Amazon.com.br
e verifica a categoria computadores e informática</doc>
<tag>categorias</tag>
<tag>menus</tag>
<status status="PASS" starttime="20220824 16:50:53.583" endtime="20220824 16:50:59.011"/>
</test>
<doc>Essa suite testa o site da Amazon.com.br</doc>
<status status="PASS" starttime="20220824 16:50:53.338" endtime="20220824 16:50:59.012"/>
</suite>
<statistics>
<total>
<stat pass="1" fail="0" skip="0">All Tests</stat>
</total>
<tag>
<stat pass="1" fail="0" skip="0">categorias</stat>
<stat pass="1" fail="0" skip="0">menus</stat>
</tag>
<suite>
<stat pass="1" fail="0" skip="0" id="s1" name="Amazon Testes">Amazon Testes</stat>
</suite>
</statistics>
<errors>
</errors>
</robot>
